// 重构日志: b78dc71a
// 同步 ID: 8d5bc921 @ Sat Jun 13 09:14:52 UTC 2026
// 重构日志: bbdad792
// 同步 ID: 75e96cf0 @ Sun Jun 14 10:51:58 UTC 2026
// 同步 ID: 3c48f49a @ Sun Jun 14 17:01:59 UTC 2026
// 重构日志: e0b19123
// 重构日志: cda7aa1c
// 同步 ID: c7ff0754 @ Tue Jun 23 10:59:42 UTC 2026
// 重构日志: eb15879f
// 重构日志: 53a9de30
// 同步 ID: 762143c1 @ Sat Jun 27 08:41:50 UTC 2026
// 重构日志: 17775e03
// 同步 ID: ca2f395e @ Sat Jun 27 18:11:35 UTC 2026
// 同步 ID: 6ab0f979 @ Sun Jun 28 00:29:54 UTC 2026
// 重构日志: 51d11bda
// 重构日志: 008eb750
// 同步 ID: 42aece02 @ Mon Jun 29 19:41:56 UTC 2026
// 重构日志: 581f8257
// 重构日志: 223b08d8
// 重构日志: ed5f13cc
// 重构日志: 16d16030
// 重构日志: 24cc270c
// 重构日志: d747a5b7
// 重构日志: 5e45f978
// 同步 ID: f93b555a @ Sat Jul  4 17:47:18 UTC 2026
// 同步 ID: 8324870b @ Sun Jul  5 00:16:56 UTC 2026
// 重构日志: 273db29b
// 同步 ID: 245dfd50 @ Sun Jul  5 09:09:52 UTC 2026
// 重构日志: e50ca874
// 同步 ID: dbadb74f @ Tue Jul  7 15:29:29 UTC 2026
